2021-01-15 00:52:12.905781 [UID:2339][3477752] Child process with pid: 3477759 was killed by signal: 15, core dump: 0
2021-01-15 00:52:13.427848 [UID:2339][3477752] Child process with pid: 3477772 was killed by signal: 15, core dump: 0
2021-01-15 00:52:14.028509 [UID:2339][3477752] Child process with pid: 3477779 was killed by signal: 15, core dump: 0
2021-01-15 00:52:14.433932 [UID:2339][3477752] Child process with pid: 3477788 was killed by signal: 15, core dump: 0
Traceback (most recent call last):
  File "/home/rexonbag/newweb/passenger_wsgi.py", line 1, in <module>
    from djangoecommerce.wsgi import application
  File "/home/rexonbag/newweb/djangoecommerce/wsgi.py", line 16, in <module>
    application = get_wsgi_application()
  File "/home/rexonbag/virtualenv/newweb/3.7/lib/python3.7/site-packages/django/core/wsgi.py", line 12, in get_wsgi_application
    django.setup(set_prefix=False)
  File "/home/rexonbag/virtualenv/newweb/3.7/lib/python3.7/site-packages/django/__init__.py", line 19, in setup
    configure_logging(settings.LOGGING_CONFIG, settings.LOGGING)
  File "/home/rexonbag/virtualenv/newweb/3.7/lib/python3.7/site-packages/django/conf/__init__.py", line 82, in __getattr__
    self._setup(name)
  File "/home/rexonbag/virtualenv/newweb/3.7/lib/python3.7/site-packages/django/conf/__init__.py", line 69, in _setup
    self._wrapped = Settings(settings_module)
  File "/home/rexonbag/virtualenv/newweb/3.7/lib/python3.7/site-packages/django/conf/__init__.py", line 170, in __init__
    mod = importlib.import_module(self.SETTINGS_MODULE)
  File "/home/rexonbag/virtualenv/newweb/3.7/lib64/python3.7/importlib/__init__.py", line 127, in import_module
    return _bootstrap._gcd_import(name[level:], package, level)
  File "/home/rexonbag/newweb/djangoecommerce/settings.py", line 123, in <module>
    STATICFILES_DIRS=[BASE_DIR +"/assets",]
TypeError: unsupported operand type(s) for +: 'PosixPath' and 'str'
Not Found: /favicon.ico
Not Found: /static/admin/css/fonts.css
Traceback (most recent call last):
  File "/home/rexonbag/newweb/passenger_wsgi.py", line 1, in <module>
    from djangoecommerce.wsgi import application
  File "/home/rexonbag/newweb/djangoecommerce/wsgi.py", line 16, in <module>
    application = get_wsgi_application()
  File "/home/rexonbag/virtualenv/newweb/3.7/lib/python3.7/site-packages/django/core/wsgi.py", line 12, in get_wsgi_application
    django.setup(set_prefix=False)
  File "/home/rexonbag/virtualenv/newweb/3.7/lib/python3.7/site-packages/django/__init__.py", line 19, in setup
    configure_logging(settings.LOGGING_CONFIG, settings.LOGGING)
  File "/home/rexonbag/virtualenv/newweb/3.7/lib/python3.7/site-packages/django/conf/__init__.py", line 82, in __getattr__
    self._setup(name)
  File "/home/rexonbag/virtualenv/newweb/3.7/lib/python3.7/site-packages/django/conf/__init__.py", line 69, in _setup
    self._wrapped = Settings(settings_module)
  File "/home/rexonbag/virtualenv/newweb/3.7/lib/python3.7/site-packages/django/conf/__init__.py", line 170, in __init__
    mod = importlib.import_module(self.SETTINGS_MODULE)
  File "/home/rexonbag/virtualenv/newweb/3.7/lib64/python3.7/importlib/__init__.py", line 127, in import_module
    return _bootstrap._gcd_import(name[level:], package, level)
  File "/home/rexonbag/newweb/djangoecommerce/settings.py", line 123, in <module>
    STATICFILES_DIRS=[BASE_DIR +"/assets",]
TypeError: unsupported operand type(s) for +: 'PosixPath' and 'str'
Not Found: /robots.txt
Not Found: /asset-manifest.json
